Android_App/app/build/intermediates/manifest_merge_blame_file/debug/manifest-merger-blame-debug-report.txt
1<?xml version="1.0" encoding="utf-8"?>
2<manifest xmlns:android="http://schemas.android.com/apk/res/android"
3    package="com.example.grouptracker"
4    android:versionCode="1"
5    android:versionName="1.0" >
6
7    <uses-sdk
8        android:minSdkVersion="24"
9        android:targetSdkVersion="34" />
10
11    <uses-permission android:name="android.permission.INTERNET" />
11-->src\main\AndroidManifest.xml:4:5-67
11-->src\main\AndroidManifest.xml:4:22-64
12    <uses-permission android:name="android.permission.ACCESS_FINE_LOCATION" />
12-->src\main\AndroidManifest.xml:5:5-79
12-->src\main\AndroidManifest.xml:5:22-76
13    <uses-permission android:name="android.permission.ACCESS_COARSE_LOCATION" />
13-->src\main\AndroidManifest.xml:6:5-81
13-->src\main\AndroidManifest.xml:6:22-78
14    <uses-permission android:name="android.permission.CAMERA" />
14-->src\main\AndroidManifest.xml:7:5-65
14-->src\main\AndroidManifest.xml:7:22-62
15    <uses-permission android:name="android.permission.CALL_PHONE" />
15-->src\main\AndroidManifest.xml:8:5-69
15-->src\main\AndroidManifest.xml:8:22-66
16    <uses-permission
16-->src\main\AndroidManifest.xml:9:5-107
17        android:name="android.permission.READ_EXTERNAL_STORAGE"
17-->src\main\AndroidManifest.xml:9:22-77
18        android:maxSdkVersion="32" />
18-->src\main\AndroidManifest.xml:9:78-104
19    <uses-permission android:name="android.permission.READ_MEDIA_IMAGES" />
19-->src\main\AndroidManifest.xml:10:5-76
19-->src\main\AndroidManifest.xml:10:22-73
20    <uses-permission android:name="android.permission.POST_NOTIFICATIONS" />
20-->src\main\AndroidManifest.xml:11:5-77
20-->src\main\AndroidManifest.xml:11:22-74
21    <uses-permission android:name="android.permission.VIBRATE" />
21-->src\main\AndroidManifest.xml:12:5-66
21-->src\main\AndroidManifest.xml:12:22-63
22    <uses-permission android:name="android.permission.FOREGROUND_SERVICE" />
22-->src\main\AndroidManifest.xml:13:5-77
22-->src\main\AndroidManifest.xml:13:22-74
23    <uses-permission android:name="android.permission.FOREGROUND_SERVICE_LOCATION" />
23-->src\main\AndroidManifest.xml:14:5-86
23-->src\main\AndroidManifest.xml:14:22-83
24
25    <uses-feature
25-->src\main\AndroidManifest.xml:16:5-85
26        android:name="android.hardware.camera"
26-->src\main\AndroidManifest.xml:16:19-57
27        android:required="false" />
27-->src\main\AndroidManifest.xml:16:58-82
28    <uses-feature
28-->src\main\AndroidManifest.xml:17:5-91
29        android:name="android.hardware.location.gps"
29-->src\main\AndroidManifest.xml:17:19-63
30        android:required="false" />
30-->src\main\AndroidManifest.xml:17:64-88
31    <!-- Although the *SdkVersion is captured in gradle build files, this is required for non gradle builds -->
32    <!-- <uses-sdk android:minSdkVersion="14" /> -->
33    <uses-permission android:name="android.permission.ACCESS_NETWORK_STATE" />
33-->[com.google.firebase:firebase-firestore:24.6.0] AndroidManifest.xml:12:5-79
33-->[com.google.firebase:firebase-firestore:24.6.0] AndroidManifest.xml:12:22-76
34
35    <permission
35-->[androidx.core:core:1.13.0] AndroidManifest.xml:22:5-24:47
36        android:name="com.example.grouptracker.DYNAMIC_RECEIVER_NOT_EXPORTED_PERMISSION"
36-->[androidx.core:core:1.13.0] AndroidManifest.xml:23:9-81
37        android:protectionLevel="signature" />
37-->[androidx.core:core:1.13.0] AndroidManifest.xml:24:9-44
38
39    <uses-permission android:name="com.example.grouptracker.DYNAMIC_RECEIVER_NOT_EXPORTED_PERMISSION" />
39-->[androidx.core:core:1.13.0] AndroidManifest.xml:26:5-97
39-->[androidx.core:core:1.13.0] AndroidManifest.xml:26:22-94
40
41    <application
41-->src\main\AndroidManifest.xml:19:5-36:19
42        android:allowBackup="true"
42-->src\main\AndroidManifest.xml:20:9-35
43        android:appComponentFactory="androidx.core.app.CoreComponentFactory"
43-->[androidx.core:core:1.13.0] AndroidManifest.xml:28:18-86
44        android:debuggable="true"
45        android:extractNativeLibs="false"
46        android:label="वारकरी मित्र (Varkari Mitra)"
46-->src\main\AndroidManifest.xml:21:9-53
47        android:supportsRtl="true"
47-->src\main\AndroidManifest.xml:22:9-35
48        android:testOnly="true"
49        android:theme="@style/Theme.GroupTracker"
49-->src\main\AndroidManifest.xml:23:9-50
50        android:usesCleartextTraffic="true" >
50-->src\main\AndroidManifest.xml:24:9-44
51        <activity
51-->src\main\AndroidManifest.xml:25:9-35:20
52            android:name="com.example.grouptracker.MainActivity"
52-->src\main\AndroidManifest.xml:26:13-41
53            android:configChanges="orientation|screenSize|keyboardHidden"
53-->src\main\AndroidManifest.xml:28:13-74
54            android:exported="true"
54-->src\main\AndroidManifest.xml:27:13-36
55            android:foregroundServiceType="location"
55-->src\main\AndroidManifest.xml:30:13-53
56            android:windowSoftInputMode="adjustResize" >
56-->src\main\AndroidManifest.xml:29:13-55
57            <intent-filter>
57-->src\main\AndroidManifest.xml:31:13-34:29
58                <action android:name="android.intent.action.MAIN" />
58-->src\main\AndroidManifest.xml:32:17-69
58-->src\main\AndroidManifest.xml:32:25-66
59
60                <category android:name="android.intent.category.LAUNCHER" />
60-->src\main\AndroidManifest.xml:33:17-77
60-->src\main\AndroidManifest.xml:33:27-74
61            </intent-filter>
62        </activity>
63
64        <service
64-->[com.google.firebase:firebase-firestore-ktx:24.6.0] AndroidManifest.xml:11:9-17:19
65            android:name="com.google.firebase.components.ComponentDiscoveryService"
65-->[com.google.firebase:firebase-firestore-ktx:24.6.0] AndroidManifest.xml:12:13-84
66            android:directBootAware="true"
66-->[com.google.firebase:firebase-common:20.3.1] AndroidManifest.xml:34:13-43
67            android:exported="false" >
67-->[com.google.firebase:firebase-firestore-ktx:24.6.0] AndroidManifest.xml:13:13-37
68            <meta-data
68-->[com.google.firebase:firebase-firestore-ktx:24.6.0] AndroidManifest.xml:14:13-16:85
69                android:name="com.google.firebase.components:com.google.firebase.firestore.ktx.FirebaseFirestoreKtxRegistrar"
69-->[com.google.firebase:firebase-firestore-ktx:24.6.0] AndroidManifest.xml:15:17-126
70                android:value="com.google.firebase.components.ComponentRegistrar" />
70-->[com.google.firebase:firebase-firestore-ktx:24.6.0] AndroidManifest.xml:16:17-82
71            <meta-data
71-->[com.google.firebase:firebase-common-ktx:20.3.1] AndroidManifest.xml:14:13-16:85
72                android:name="com.google.firebase.components:com.google.firebase.ktx.FirebaseCommonKtxRegistrar"
72-->[com.google.firebase:firebase-common-ktx:20.3.1] AndroidManifest.xml:15:17-113
73                android:value="com.google.firebase.components.ComponentRegistrar" />
73-->[com.google.firebase:firebase-common-ktx:20.3.1] AndroidManifest.xml:16:17-82
74            <meta-data
74-->[com.google.firebase:firebase-firestore:24.6.0] AndroidManifest.xml:19:13-21:85
75                android:name="com.google.firebase.components:com.google.firebase.firestore.FirestoreRegistrar"
75-->[com.google.firebase:firebase-firestore:24.6.0] AndroidManifest.xml:20:17-111
76                android:value="com.google.firebase.components.ComponentRegistrar" />
76-->[com.google.firebase:firebase-firestore:24.6.0] AndroidManifest.xml:21:17-82
77        </service>
78
79        <provider
79-->[com.google.firebase:firebase-common:20.3.1] AndroidManifest.xml:25:9-30:39
80            android:name="com.google.firebase.provider.FirebaseInitProvider"
80-->[com.google.firebase:firebase-common:20.3.1] AndroidManifest.xml:26:13-77
81            android:authorities="com.example.grouptracker.firebaseinitprovider"
81-->[com.google.firebase:firebase-common:20.3.1] AndroidManifest.xml:27:13-72
82            android:directBootAware="true"
82-->[com.google.firebase:firebase-common:20.3.1] AndroidManifest.xml:28:13-43
83            android:exported="false"
83-->[com.google.firebase:firebase-common:20.3.1] AndroidManifest.xml:29:13-37
84            android:initOrder="100" />
84-->[com.google.firebase:firebase-common:20.3.1] AndroidManifest.xml:30:13-36
85
86        <activity
86-->[com.google.android.gms:play-services-base:18.5.0] AndroidManifest.xml:5:9-173
87            android:name="com.google.android.gms.common.api.GoogleApiActivity"
87-->[com.google.android.gms:play-services-base:18.5.0] AndroidManifest.xml:5:19-85
88            android:exported="false"
88-->[com.google.android.gms:play-services-base:18.5.0] AndroidManifest.xml:5:146-170
89            android:theme="@android:style/Theme.Translucent.NoTitleBar" />
89-->[com.google.android.gms:play-services-base:18.5.0] AndroidManifest.xml:5:86-145
90
91        <meta-data
91-->[com.google.android.gms:play-services-basement:18.4.0] AndroidManifest.xml:6:9-122
92            android:name="com.google.android.gms.version"
92-->[com.google.android.gms:play-services-basement:18.4.0] AndroidManifest.xml:6:20-65
93            android:value="@integer/google_play_services_version" />
93-->[com.google.android.gms:play-services-basement:18.4.0] AndroidManifest.xml:6:66-119
94
95        <provider
95-->[androidx.emoji2:emoji2:1.3.0] AndroidManifest.xml:24:9-32:20
96            android:name="androidx.startup.InitializationProvider"
96-->[androidx.emoji2:emoji2:1.3.0] AndroidManifest.xml:25:13-67
97            android:authorities="com.example.grouptracker.androidx-startup"
97-->[androidx.emoji2:emoji2:1.3.0] AndroidManifest.xml:26:13-68
98            android:exported="false" >
98-->[androidx.emoji2:emoji2:1.3.0] AndroidManifest.xml:27:13-37
99            <meta-data
99-->[androidx.emoji2:emoji2:1.3.0] AndroidManifest.xml:29:13-31:52
100                android:name="androidx.emoji2.text.EmojiCompatInitializer"
100-->[androidx.emoji2:emoji2:1.3.0] AndroidManifest.xml:30:17-75
101                android:value="androidx.startup" />
101-->[androidx.emoji2:emoji2:1.3.0] AndroidManifest.xml:31:17-49
102            <meta-data
102-->[androidx.lifecycle:lifecycle-process:2.6.2] AndroidManifest.xml:29:13-31:52
103                android:name="androidx.lifecycle.ProcessLifecycleInitializer"
103-->[androidx.lifecycle:lifecycle-process:2.6.2] AndroidManifest.xml:30:17-78
104                android:value="androidx.startup" />
104-->[androidx.lifecycle:lifecycle-process:2.6.2] AndroidManifest.xml:31:17-49
105            <meta-data
105-->[androidx.profileinstaller:profileinstaller:1.3.1] AndroidManifest.xml:29:13-31:52
106                android:name="androidx.profileinstaller.ProfileInstallerInitializer"
106-->[androidx.profileinstaller:profileinstaller:1.3.1] AndroidManifest.xml:30:17-85
107                android:value="androidx.startup" />
107-->[androidx.profileinstaller:profileinstaller:1.3.1] AndroidManifest.xml:31:17-49
108        </provider>
109
110        <receiver
110-->[androidx.profileinstaller:profileinstaller:1.3.1] AndroidManifest.xml:34:9-52:20
111            android:name="androidx.profileinstaller.ProfileInstallReceiver"
111-->[androidx.profileinstaller:profileinstaller:1.3.1] AndroidManifest.xml:35:13-76
112            android:directBootAware="false"
112-->[androidx.profileinstaller:profileinstaller:1.3.1] AndroidManifest.xml:36:13-44
113            android:enabled="true"
113-->[androidx.profileinstaller:profileinstaller:1.3.1] AndroidManifest.xml:37:13-35
114            android:exported="true"
114-->[androidx.profileinstaller:profileinstaller:1.3.1] AndroidManifest.xml:38:13-36
115            android:permission="android.permission.DUMP" >
115-->[androidx.profileinstaller:profileinstaller:1.3.1] AndroidManifest.xml:39:13-57
116            <intent-filter>
116-->[androidx.profileinstaller:profileinstaller:1.3.1] AndroidManifest.xml:40:13-42:29
117                <action android:name="androidx.profileinstaller.action.INSTALL_PROFILE" />
117-->[androidx.profileinstaller:profileinstaller:1.3.1] AndroidManifest.xml:41:17-91
117-->[androidx.profileinstaller:profileinstaller:1.3.1] AndroidManifest.xml:41:25-88
118            </intent-filter>
119            <intent-filter>
119-->[androidx.profileinstaller:profileinstaller:1.3.1] AndroidManifest.xml:43:13-45:29
120                <action android:name="androidx.profileinstaller.action.SKIP_FILE" />
120-->[androidx.profileinstaller:profileinstaller:1.3.1] AndroidManifest.xml:44:17-85
120-->[androidx.profileinstaller:profileinstaller:1.3.1] AndroidManifest.xml:44:25-82
121            </intent-filter>
122            <intent-filter>
122-->[androidx.profileinstaller:profileinstaller:1.3.1] AndroidManifest.xml:46:13-48:29
123                <action android:name="androidx.profileinstaller.action.SAVE_PROFILE" />
123-->[androidx.profileinstaller:profileinstaller:1.3.1] AndroidManifest.xml:47:17-88
123-->[androidx.profileinstaller:profileinstaller:1.3.1] AndroidManifest.xml:47:25-85
124            </intent-filter>
125            <intent-filter>
125-->[androidx.profileinstaller:profileinstaller:1.3.1] AndroidManifest.xml:49:13-51:29
126                <action android:name="androidx.profileinstaller.action.BENCHMARK_OPERATION" />
126-->[androidx.profileinstaller:profileinstaller:1.3.1] AndroidManifest.xml:50:17-95
126-->[androidx.profileinstaller:profileinstaller:1.3.1] AndroidManifest.xml:50:25-92
127            </intent-filter>
128        </receiver>
129    </application>
130
131</manifest>